<?xml version="1.0" encoding="UTF-8"?>
<!-- Generated by org.testng.reporters.JUnitReportReporter -->
<testsuite hostname="NB-UZIE-7" name="test.java.TestNGUnitedTestTest" tests="1" failures="0" timestamp="15 Oct 2014 14:20:39 GMT" time="0.001" errors="0">
  <testcase name="f" time="0.001" classname="test.java.TestNGUnitedTestTest"/>
</testsuite> <!-- test.java.TestNGUnitedTestTest -->
