<?xml version="1.0" encoding="UTF-8"?>
<!-- Generated by org.testng.reporters.JUnitReportReporter -->
<testsuite hostname="NB-UZIE-7" name="test.java.emptyDPTest" tests="3" failures="0" timestamp="15 Oct 2014 14:20:39 GMT" time="0.006" errors="0">
  <testcase name="testDevices" time="0.003" classname="test.java.emptyDPTest"/>
  <testcase name="testDevices" time="0.000" classname="test.java.emptyDPTest"/>
  <testcase name="testDevices" time="0.003" classname="test.java.emptyDPTest"/>
</testsuite> <!-- test.java.emptyDPTest -->
