<?xml version="1.0" encoding="UTF-8"?>
<!-- Generated by org.testng.reporters.JUnitReportReporter -->
<testsuite hostname="NB-UZIE-7" name="test.java.TestNGUnitedTest" tests="2" failures="0" timestamp="11 Sep 2014 14:52:18 GMT" time="102.117" errors="0">
  <testcase name="CheckFlight" time="61.114" classname="test.java.TestNGUnitedTest"/>
  <testcase name="CheckFlight" time="41.003" classname="test.java.TestNGUnitedTest"/>
</testsuite> <!-- test.java.TestNGUnitedTest -->
